<?xml version="1.0" encoding="UTF-8"?>
<!-- Generated by org.testng.reporters.JUnitReportReporter -->
<testsuite hostname="DESKTOP-ELFDVU0" failures="0" tests="1" name="com.Plexus.TestCases.testing" time="2.339" errors="0" timestamp="2021-02-10T14:58:05 MST" skipped="0">
  <testcase classname="com.Plexus.TestCases.testing" name="testrun" time="2.339"/>
  <system-out/>
</testsuite> <!-- com.Plexus.TestCases.testing -->
