<?xml version="1.0" encoding="UTF-8"?>
<!-- Generated by org.testng.reporters.JUnitReportReporter -->
<testsuite hostname="DESKTOP-ELFDVU0" failures="0" tests="1" name="com.google.Testcases.VerifyDucksSearch" time="3.680" errors="0" timestamp="2021-02-17T14:41:12 MST" skipped="0">
  <testcase classname="com.google.Testcases.VerifyDucksSearch" name="verifytheSearchResults" time="3.680"/>
  <system-out>
search	results	page	title	is:ducks - Google Search official anaheim ducks website | nhl.com
www.nhl.com › ducks	link	is	dsiplayed	in	search	results duck - wikipedia
en.wikipedia.org › wiki › duck	link	is	dsiplayed	in	search	results ducks browse by shape, all about birds, cornell lab of ...
www.allaboutbirds.org › guide › browse › shape › ducks	link	is	dsiplayed	in	search	results ducks unlimited
www.ducks.org	link	is	dsiplayed	in	search	results university of oregon athletics - official athletics website
goducks.com	link	is	dsiplayed	in	search	results duck | definition, types, & facts | britannica
www.britannica.com › ... › birds	link	is	dsiplayed	in	search	results fun facts about ducks - bird trivia - the spruce
www.thespruce.com › wild birds › wild bird species	link	is	dsiplayed	in	search	results 12 different types of ducks with examples - the spruce
www.thespruce.com › wild birds › wild bird species	link	is	dsiplayed	in	search	results  </system-out>
</testsuite> <!-- com.google.Testcases.VerifyDucksSearch -->
