<?xml version="1.0" encoding="UTF-8"?>
<!-- Generated by org.testng.reporters.JUnitReportReporter -->
<testsuite hostname="DESKTOP-ELFDVU0" failures="0" tests="6" name="com.APITest.testGetRequest" time="2.807" errors="0" timestamp="2021-02-17T20:17:30 MST" skipped="0">
  <testcase classname="com.APITest.testGetRequest" name="GetTypiCodeResponse" time="0.128"/>
  <system-out/>
  <testcase classname="com.APITest.testGetRequest" name="GetTypiCodeResponse" time="0.146"/>
  <system-out/>
  <testcase classname="com.APITest.testGetRequest" name="GetTypiCodeResponse" time="0.139"/>
  <system-out/>
  <testcase classname="com.APITest.testGetRequest" name="GetTypiCodeResponse" time="0.147"/>
  <system-out/>
  <testcase classname="com.APITest.testGetRequest" name="GetTypiCodeResponse" time="0.115"/>
  <system-out/>
  <testcase classname="com.APITest.testGetRequest" name="GetTypiCodeResponse" time="2.132"/>
  <system-out/>
</testsuite> <!-- com.APITest.testGetRequest -->
