<?xml version="1.0" encoding="UTF-8"?>
<!-- Generated by org.testng.reporters.JUnitReportReporter -->
<testsuite hostname="DESKTOP-ELFDVU0" failures="0" tests="4" name="testGetRequest2" time="3.467" errors="0" timestamp="2021-02-17T19:45:08 MST" skipped="0">
  <testcase classname="testGetRequest2" name="GetTypiCodeDetails" time="0.133"/>
  <system-out/>
  <testcase classname="testGetRequest2" name="GetTypiCodeDetails" time="3.070"/>
  <system-out/>
  <testcase classname="testGetRequest2" name="GetTypiCodeDetails" time="0.135"/>
  <system-out/>
  <testcase classname="testGetRequest2" name="GetTypiCodeDetails" time="0.129"/>
  <system-out/>
</testsuite> <!-- testGetRequest2 -->
