<?xml version="1.0" encoding="UTF-8"?>
<!-- Generated by org.testng.reporters.JUnitReportReporter -->
<testsuite hostname="DESKTOP-ELFDVU0" failures="0" tests="9" name="seleniumpoc.FirstTest" time="27.322" errors="0" timestamp="2021-01-08T15:42:01 MST" skipped="0">
  <testcase classname="seleniumpoc.FirstTest" name="CustomerMenuNavigation" time="3.084"/>
  <system-out/>
  <testcase classname="seleniumpoc.FirstTest" name="CustomerMenuNavigation" time="2.922"/>
  <system-out/>
  <testcase classname="seleniumpoc.FirstTest" name="SupportMenuNavigation" time="1.867"/>
  <system-out/>
  <testcase classname="seleniumpoc.FirstTest" name="SupportMenuNavigation" time="3.335"/>
  <system-out/>
  <testcase classname="seleniumpoc.FirstTest" name="CustomerMenuNavigation" time="5.465"/>
  <system-out/>
  <testcase classname="seleniumpoc.FirstTest" name="SupportMenuNavigation" time="2.608"/>
  <system-out/>
  <testcase classname="seleniumpoc.FirstTest" name="CustomerMenuNavigation" time="2.591"/>
  <system-out/>
  <testcase classname="seleniumpoc.FirstTest" name="CustomerMenuNavigation" time="2.605"/>
  <system-out/>
  <testcase classname="seleniumpoc.FirstTest" name="SupportMenuNavigation" time="2.845"/>
  <system-out/>
</testsuite> <!-- seleniumpoc.FirstTest -->
