<?xml version="1.0" encoding="UTF-8"?>
<!-- Generated by org.testng.reporters.JUnitReportReporter -->
<testsuite hostname="DESKTOP-ELFDVU0" failures="0" tests="2" name="com.google.Testcases.VerifyGoogleSearch" time="5.249" errors="0" timestamp="2021-02-17T20:19:21 MST" skipped="0">
  <testcase classname="com.google.Testcases.VerifyGoogleSearch" name="verifytheSearchResults" time="2.790"/>
  <system-out>
search	results	page	title	is:duck - Google Search duckduckgo — privacy, simplified.
duckduckgo.com	link	is	dsiplayed	in	search	results duck - wikipedia
en.wikipedia.org › wiki › duck	link	is	dsiplayed	in	search	results domestic duck - wikipedia
en.wikipedia.org › wiki › domestic_duck	link	is	dsiplayed	in	search	results duck | definition, types, & facts | britannica
www.britannica.com › ... › birds	link	is	dsiplayed	in	search	results ducks browse by shape, all about birds, cornell lab of ...
www.allaboutbirds.org › guide › browse › shape › ducks	link	is	dsiplayed	in	search	results ducks, geese, and waterfowl browse by family, all about ...
www.allaboutbirds.org › browse › taxonomy › anatidae	link	is	dsiplayed	in	search	results the runaway duck - youtube
www.youtube.com › watch	link	is	dsiplayed	in	search	results  </system-out>
  <testcase classname="com.google.Testcases.VerifyGoogleSearch" name="verifytheSearchResults" time="2.459"/>
  <system-out>
search	results	page	title	is:hen - Google Search hen - wikipedia
en.wikipedia.org › wiki › hen	link	is	dsiplayed	in	search	results hen (pronoun) - wikipedia
en.wikipedia.org › wiki › hen_(pronoun)	link	is	dsiplayed	in	search	results hen | bird | britannica
www.britannica.com › ... › branches of biology	link	is	dsiplayed	in	search	results what is the difference between a hen and a chicken?
www.euro-poultry.com › blog › what-is-the-difference-...	link	is	dsiplayed	in	search	results hen - wiktionary
en.wiktionary.org › wiki › hen	link	is	dsiplayed	in	search	results hen | definition of hen by merriam-webster
www.merriam-webster.com › dictionary › hen	link	is	dsiplayed	in	search	results hen | definition of hen at dictionary.com
www.dictionary.com › browse › hen	link	is	dsiplayed	in	search	results hen | definition in the cambridge english dictionary
dictionary.cambridge.org › dictionary › english › hen	link	is	dsiplayed	in	search	results  </system-out>
</testsuite> <!-- com.google.Testcases.VerifyGoogleSearch -->
